<?xml version="1.0" encoding="UTF-8"?>
<!-- Generated by org.testng.reporters.JUnitReportReporter -->
<testsuite hostname="DESKTOP-TKFE0IF" failures="0" tests="1" name="TestNGStudy.XMLTest2" time="0.012" errors="0" timestamp="2022-07-25T21:29:14 IST" skipped="0">
  <testcase classname="TestNGStudy.XMLTest2" name="E" time="0.012"/>
  <system-out>
    <![CDATA[E is running]]>
  </system-out>
</testsuite> <!-- TestNGStudy.XMLTest2 -->
