<?xml version="1.0" encoding="UTF-8"?>
<!-- Generated by org.testng.reporters.JUnitReportReporter -->
<testsuite hostname="DESKTOP-TKFE0IF" failures="0" tests="1" name="TestNGStudy.Group2" time="0.018" errors="0" timestamp="2022-07-28T21:52:02 IST" skipped="0">
  <testcase classname="TestNGStudy.Group2" name="D" time="0.018"/>
  <system-out>
    <![CDATA[D is running]]>
  </system-out>
</testsuite> <!-- TestNGStudy.Group2 -->
