<?xml version="1.0" encoding="UTF-8"?>
<!-- Generated by org.testng.reporters.JUnitReportReporter -->
<testsuite hostname="DESKTOP-TKFE0IF" failures="0" tests="2" name="TestNGStudy.Group1" time="0.004" errors="0" timestamp="2022-07-28T21:52:02 IST" skipped="0">
  <testcase classname="TestNGStudy.Group1" name="C" time="0.002"/>
  <system-out>
    <![CDATA[c is running]]>
  </system-out>
  <testcase classname="TestNGStudy.Group1" name="A" time="0.002"/>
  <system-out>
    <![CDATA[a is running]]>
  </system-out>
</testsuite> <!-- TestNGStudy.Group1 -->
