<?xml version="1.0" encoding="UTF-8"?>
<!-- Generated by org.testng.reporters.JUnitReportReporter -->
<testsuite hostname="DESKTOP-TKFE0IF" failures="0" tests="3" name="TestNGStudy.XMLTest1" time="0.035" errors="0" timestamp="2022-07-28T21:52:02 IST" skipped="0">
  <testcase classname="TestNGStudy.XMLTest1" name="A" time="0.033"/>
  <system-out>
    <![CDATA[a is running]]>
  </system-out>
  <testcase classname="TestNGStudy.XMLTest1" name="B" time="0.001"/>
  <system-out>
    <![CDATA[b is running]]>
  </system-out>
  <testcase classname="TestNGStudy.XMLTest1" name="C" time="0.001"/>
  <system-out>
    <![CDATA[c is running]]>
  </system-out>
</testsuite> <!-- TestNGStudy.XMLTest1 -->
