<?xml version="1.0" encoding="UTF-8"?>
<!-- Generated by org.testng.reporters.JUnitReportReporter -->
<testsuite hostname="DESKTOP-TKFE0IF" failures="0" tests="2" name="TestNGStudy.CrossBrowserCheck" time="44.461" errors="0" timestamp="2022-07-28T23:03:18 IST" skipped="0">
  <testcase classname="TestNGStudy.CrossBrowserCheck" name="f" time="38.697"/>
  <system-out/>
  <testcase classname="TestNGStudy.CrossBrowserCheck" name="f" time="5.764"/>
  <system-out/>
</testsuite> <!-- TestNGStudy.CrossBrowserCheck -->
