<?xml version="1.0" encoding="UTF-8"?>
<!-- Generated by org.testng.reporters.JUnitReportReporter -->
<testsuite hostname="DESKTOP-TKFE0IF" failures="0" tests="1" name="TestNGStudy.NewTest" time="24.648" errors="0" timestamp="2022-07-28T21:59:03 IST" skipped="0">
  <testcase classname="TestNGStudy.NewTest" name="Login" time="24.648"/>
  <system-out/>
</testsuite> <!-- TestNGStudy.NewTest -->
